C51 COMPILER V9.57.0.0   MAIN                                                              05/08/2021 13:18:30 PAGE 1   


C51 COMPILER V9.57.0.0, COMPILATION OF MODULE MAIN
OBJECT MODULE PLACED IN .\Objects\main.obj
COMPILER INVOKED BY: C:\Keil_v5\C51\BIN\C51.EXE Sources\main.c LARGE OPTIMIZE(8,SPEED) BROWSE DEBUG OBJECTEXTEND PRINT(.
                    -\Listings\main.lst) TABS(2) OBJECT(.\Objects\main.obj)

line level    source

   1          
   2          #include "T5LOS8051.H"
   3          #include "sys.h"
   4          #include <rtx51tny.h>
   5          #include "uart.h"
   6          #include "dgus.h"
   7          #include <stdio.h>
   8          #include "user_fifo.h"
   9          #include "lcd_handler.h"
  10          
  11          void test(){
  12   1        uint8_t t[5] = "hello";
  13   1        WriteDGUS(0x3000, t, 5);
  14   1      }
  15          
  16          void main(void)
  17          {
  18   1        InitCPU();
  19   1        user_fifo_init();
  20   1        lcd_para_init();
  21   1      //  InitUartSend();
  22   1        
  23   1        while(1)
  24   1        {
  25   2          lcd_handler_uart_data_reiv_process();
  26   2          lcd_send_uart_data_process();
  27   2          lcd_update_home_para();
  28   2          //test();
  29   2          //HandleProc();
  30   2        }
  31   1      }


MODULE INFORMATION:   STATIC OVERLAYABLE
   CODE SIZE        =     61    ----
   CONSTANT SIZE    =      5    ----
   XDATA SIZE       =   ----       5
   PDATA SIZE       =   ----    ----
   DATA SIZE        =   ----    ----
   IDATA SIZE       =   ----    ----
   BIT SIZE         =   ----    ----
END OF MODULE INFORMATION.


C51 COMPILATION COMPLETE.  0 WARNING(S),  0 ERROR(S)
