C51 COMPILER V9.57.0.0   SYS                                                               05/04/2021 14:02:50 PAGE 1   


C51 COMPILER V9.57.0.0, COMPILATION OF MODULE SYS
OBJECT MODULE PLACED IN .\Objects\sys.obj
COMPILER INVOKED BY: C:\Keil_v5\C51\BIN\C51.EXE Sources\sys.c LARGE OPTIMIZE(8,SPEED) BROWSE DEBUG OBJECTEXTEND PRINT(.\
                    -Listings\sys.lst) TABS(2) OBJECT(.\Objects\sys.obj)

line level    source

   1          
   2          #include "sys.h"
   3          #include "uart.h"
   4          #include "timer.h"
   5          
   6          
   7          
   8          /*****************************************************************************/
   9          void DelayUs(uint16_t n)
  10          {
  11   1        uint16_t i,j;
  12   1        for(i=0;i<n;i++)
  13   1          for(j=0;j<15;j++);
  14   1      }
  15          /*****************************************************************************/
  16          
  17          void DelayMs(uint16_t n)
  18          {
  19   1        uint16_t i,j;
  20   1        for(i=0;i<n;i++)
  21   1          for(j=0;j<7400;j++);
  22   1      }
  23          
  24          /*****************************************************************************/
  25          void InitCFG(void)
  26          {
  27   1        CKCON      = 0x00;
  28   1        T2CON      = 0x70;
  29   1        DPC        = 0x00;
  30   1        PAGESEL    = 0x01;
  31   1        D_PAGESEL  = 0x02;
  32   1        MUX_SEL    = 0x60;
  33   1        PORTDRV    = 0x01;
  34   1        RAMMODE    = 0x00;
  35   1      }
  36          
  37          /******************************************************************************/
  38          void InitInt(void)
  39          {
  40   1        IEN0       = 0x00;                    
  41   1        IEN1       = 0x00;
  42   1        IEN2       = 0x00;
  43   1        IP0        = 0x00;                     
  44   1        IP1        = 0x00;
  45   1      }
  46          /******************************************************************************/
  47          void InitGPIO(void)
  48          {
  49   1        PORTDRV    = 0x01;
  50   1        P0MDOUT    = 0x03;                   
  51   1        P1MDOUT    = 0x03;                    
  52   1        P2MDOUT    = 0x00;
  53   1        P3MDOUT    = 0x00;
  54   1        P0         = 0x00;
C51 COMPILER V9.57.0.0   SYS                                                               05/04/2021 14:02:50 PAGE 2   

  55   1        P1         = 0x00;
  56   1        P2         = 0x00;
  57   1        P3         = 0x00;
  58   1      }
  59          void EX0_ISR_PC(void)    interrupt 0
  60          {
  61   1          EA=0;
  62   1      
  63   1          EA=1;
  64   1      }
  65          void EX1_ISR_PC(void)    interrupt 2
  66          {
  67   1          EA=0;
  68   1      
  69   1          EA=1;
  70   1      }
  71          
  72          void InitCPU(void)
  73          {
  74   1        EA=0;
  75   1      //  InitCFG();     
  76   1        InitInt();
  77   1        InitGPIO();
  78   1        InitUart();
  79   1        InitTimer();
  80   1      //  WDT_ON();
  81   1        EA=1;
  82   1      }


MODULE INFORMATION:   STATIC OVERLAYABLE
   CODE SIZE        =    149    ----
   CONSTANT SIZE    =   ----    ----
   XDATA SIZE       =   ----    ----
   PDATA SIZE       =   ----    ----
   DATA SIZE        =   ----    ----
   IDATA SIZE       =   ----    ----
   BIT SIZE         =   ----    ----
END OF MODULE INFORMATION.


C51 COMPILATION COMPLETE.  0 WARNING(S),  0 ERROR(S)
