C51 COMPILER V9.57.0.0   TIMER                                                             05/28/2021 12:49:36 PAGE 1   


C51 COMPILER V9.57.0.0, COMPILATION OF MODULE TIMER
OBJECT MODULE PLACED IN .\Objects\timer.obj
COMPILER INVOKED BY: C:\Keil_v5\C51\BIN\C51.EXE Sources\timer.c LARGE OPTIMIZE(8,SPEED) BROWSE DEBUG OBJECTEXTEND PRINT(
                    -.\Listings\timer.lst) TABS(2) OBJECT(.\Objects\timer.obj)

line level    source

   1          
   2          #include "timer.h"
   3          #include "lcd_handler.h"
   4          #include "uart.h"
   5          
   6          uint16_t Wait_Count=0;
   7          uint16_t Key_Count=0;
   8          uint16_t Toset_Count=0;
   9          uint16_t timer_4_count = 0;
  10          void T0_Init(void)
  11          {
  12   1        TMOD|=0x01;
  13   1        TH0=T1MS>>8;        
  14   1        TL0=T1MS;
  15   1        ET0=1;              
  16   1        TR0=1;              
  17   1      }
  18          void T0_ISR_PC(void)    interrupt 1
  19          {
  20   1        EA=0;
  21   1        TH0=T1MS>>8;
  22   1        TL0=T1MS;
  23   1        Wait_Count++;
  24   1        if(Wait_Count>1000)
  25   1        {
  26   2          Wait_Count=0;
  27   2          Key_Count++;
  28   2          Toset_Count++;
  29   2        }
  30   1        WDT_RST();
  31   1        EA=1;
  32   1      }
  33          
  34          void T2_Init(void)
  35          {
  36   1        T2CON=0x70;
  37   1        TH2=0x3c;
  38   1        TL2=0xaf;
  39   1        TRL2H=0xBC;
  40   1        TRL2L=0xCD;        
  41   1        IEN0|=0x20;        
  42   1        TR2=0x01;
  43   1      }
  44          void T2_ISR_PC(void)    interrupt 5
  45          {
  46   1        TF2=0; 
  47   1        timer_4_count = timer_4_count + 1;
  48   1        if(timer_4_count == 1000){
  49   2          lcd_real_time.s = lcd_real_time.s + 1;
  50   2          if(lcd_real_time.s == 60){
  51   3            lcd_real_time.m = lcd_real_time.m + 1;
  52   3            lcd_real_time.s = 0;
  53   3          }
  54   2          if(lcd_real_time.m == 60){
C51 COMPILER V9.57.0.0   TIMER                                                             05/28/2021 12:49:36 PAGE 2   

  55   3            lcd_real_time.h = lcd_real_time.h + 1;
  56   3            lcd_real_time.m = 0l;
  57   3          }
  58   2          if(lcd_real_time.h == 24){
  59   3            lcd_real_time.h = 0;
  60   3          }
  61   2          timer_4_count = 0;
  62   2        }
  63   1        
  64   1      //  WDT_RST();
  65   1      }
  66          
  67          void InitTimer(void)
  68          {
  69   1      //  T0_Init();
  70   1        T2_Init();
  71   1      }
  72          


MODULE INFORMATION:   STATIC OVERLAYABLE
   CODE SIZE        =    227    ----
   CONSTANT SIZE    =   ----    ----
   XDATA SIZE       =      8    ----
   PDATA SIZE       =   ----    ----
   DATA SIZE        =   ----    ----
   IDATA SIZE       =   ----    ----
   BIT SIZE         =   ----    ----
END OF MODULE INFORMATION.


C51 COMPILATION COMPLETE.  0 WARNING(S),  0 ERROR(S)
